0 info it worked if it ends with ok
1 verbose cli [
1 verbose cli   'C:\\Program Files\\nodejs\\node.exe',
1 verbose cli   'C:\\Program Files\\nodejs\\node_modules\\npm\\bin\\npm-cli.js',
1 verbose cli   'uninstall',
1 verbose cli   'sqlite3'
1 verbose cli ]
2 info using npm@6.14.10
3 info using node@v14.15.4
4 verbose npm-session 5eadf2682958d752
5 silly install loadCurrentTree
6 silly install readLocalPackageData
7 timing stage:rollbackFailedOptional Completed in 3ms
8 timing stage:runTopLevelLifecycles Completed in 1904ms
9 verbose stack Error: Failed to parse json
9 verbose stack Unexpected token { in JSON at position 1725 while parsing near '...ck.js"
9 verbose stack     ]
9 verbose stack   },
9 verbose stack   {
9 verbose stack     "sqlite3": "^3...'
9 verbose stack     at parseError (C:\Program Files\nodejs\node_modules\npm\node_modules\read-package-json\read-json.js:470:11)
9 verbose stack     at parseJson (C:\Program Files\nodejs\node_modules\npm\node_modules\read-package-json\read-json.js:105:26)
9 verbose stack     at C:\Program Files\nodejs\node_modules\npm\node_modules\read-package-json\read-json.js:52:5
9 verbose stack     at C:\Program Files\nodejs\node_modules\npm\node_modules\graceful-fs\graceful-fs.js:123:16
9 verbose stack     at FSReqCallback.readFileAfterClose [as oncomplete] (internal/fs/read_file_context.js:63:3)
10 verbose cwd C:\Users\fady.sherif\Downloads\Instabug\api-playground-master
11 verbose Windows_NT 10.0.18363
12 verbose argv "C:\\Program Files\\nodejs\\node.exe" "C:\\Program Files\\nodejs\\node_modules\\npm\\bin\\npm-cli.js" "uninstall" "sqlite3"
13 verbose node v14.15.4
14 verbose npm  v6.14.10
15 error code EJSONPARSE
16 error file C:\Users\fady.sherif\Downloads\Instabug\api-playground-master\package.json
17 error JSON.parse Failed to parse json
17 error JSON.parse Unexpected token { in JSON at position 1725 while parsing near '...ck.js"
17 error JSON.parse     ]
17 error JSON.parse   },
17 error JSON.parse   {
17 error JSON.parse     "sqlite3": "^3...'
18 error JSON.parse Failed to parse package.json data.
18 error JSON.parse package.json must be actual JSON, not just JavaScript.
19 verbose exit [ 1, true ]
