0 info it worked if it ends with ok
1 verbose cli [
1 verbose cli   'C:\\Program Files\\nodejs\\node.exe',
1 verbose cli   'C:\\Program Files\\nodejs\\node_modules\\npm\\bin\\npm-cli.js',
1 verbose cli   'install'
1 verbose cli ]
2 info using npm@6.14.10
3 info using node@v14.15.4
4 verbose npm-session 1842721ff76f4d95
5 silly install runPreinstallTopLevelLifecycles
6 silly install loadCurrentTree
7 silly install readLocalPackageData
8 timing stage:rollbackFailedOptional Completed in 3ms
9 timing stage:runTopLevelLifecycles Completed in 1710ms
10 verbose stack Error: Failed to parse json
10 verbose stack Unexpected token { in JSON at position 1725 while parsing near '...ck.js"
10 verbose stack     ]
10 verbose stack   },
10 verbose stack   {
10 verbose stack     "sqlite3": "^3...'
10 verbose stack     at parseError (C:\Program Files\nodejs\node_modules\npm\node_modules\read-package-json\read-json.js:470:11)
10 verbose stack     at parseJson (C:\Program Files\nodejs\node_modules\npm\node_modules\read-package-json\read-json.js:105:26)
10 verbose stack     at C:\Program Files\nodejs\node_modules\npm\node_modules\read-package-json\read-json.js:52:5
10 verbose stack     at C:\Program Files\nodejs\node_modules\npm\node_modules\graceful-fs\graceful-fs.js:123:16
10 verbose stack     at FSReqCallback.readFileAfterClose [as oncomplete] (internal/fs/read_file_context.js:63:3)
11 verbose cwd C:\Users\fady.sherif\Downloads\Instabug\api-playground-master
12 verbose Windows_NT 10.0.18363
13 verbose argv "C:\\Program Files\\nodejs\\node.exe" "C:\\Program Files\\nodejs\\node_modules\\npm\\bin\\npm-cli.js" "install"
14 verbose node v14.15.4
15 verbose npm  v6.14.10
16 error code EJSONPARSE
17 error file C:\Users\fady.sherif\Downloads\Instabug\api-playground-master\package.json
18 error JSON.parse Failed to parse json
18 error JSON.parse Unexpected token { in JSON at position 1725 while parsing near '...ck.js"
18 error JSON.parse     ]
18 error JSON.parse   },
18 error JSON.parse   {
18 error JSON.parse     "sqlite3": "^3...'
19 error JSON.parse Failed to parse package.json data.
19 error JSON.parse package.json must be actual JSON, not just JavaScript.
20 verbose exit [ 1, true ]
